<?xml version="1.0" encoding="UTF-8"?>
<testng-results ignored="0" total="1" passed="1" failed="0" skipped="0">
  <reporter-output>
  </reporter-output>
  <suite started-at="2025-07-11T12:49:33 IST" name="Default suite" finished-at="2025-07-11T12:49:45 IST" duration-ms="12187">
    <groups>
    </groups>
    <test started-at="2025-07-11T12:49:33 IST" name="Default test" finished-at="2025-07-11T12:49:45 IST" duration-ms="12187">
      <class name="prac1.LauchBrowser">
        <test-method signature="runThroughBrowser()[pri:0, instance:prac1.LauchBrowser@18078bef]" started-at="2025-07-11T12:49:33 IST" name="runThroughBrowser" finished-at="2025-07-11T12:49:45 IST" duration-ms="12073" status="PASS">
          <reporter-output>
          </reporter-output>
        </test-method> <!-- runThroughBrowser -->
      </class> <!-- prac1.LauchBrowser -->
    </test> <!-- Default test -->
  </suite> <!-- Default suite -->
</testng-results>
